<?xml version="1.0" encoding="UTF-8"?>
<!-- Generated by org.testng.reporters.JUnitReportReporter -->
<testsuite hostname="LAPTOP-0UVUABNA" failures="0" tests="2" name="Com.Cristal.Runner.TestRunner" time="49.964" errors="0" timestamp="15 Mar 2022 13:36:56 GMT">
  <testcase classname="Com.Cristal.Runner.TestRunner" name="feature" time="26.440"/>
  <testcase classname="Com.Cristal.Runner.TestRunner" name="feature" time="23.524"/>
</testsuite> <!-- Com.Cristal.Runner.TestRunner -->
