<?xml version="1.0" encoding="UTF-8"?>
<!-- Generated by org.testng.reporters.JUnitReportReporter -->
<testsuite hostname="LAPTOP-0UVUABNA" failures="0" tests="2" name="Com.Cristal.Runner.TestRunner" time="0.478" errors="0" timestamp="2 Mar 2022 20:03:01 GMT">
  <testcase classname="Com.Cristal.Runner.TestRunner" name="feature" time="0.389"/>
  <testcase classname="Com.Cristal.Runner.TestRunner" name="feature" time="0.089"/>
</testsuite> <!-- Com.Cristal.Runner.TestRunner -->
